<?xml version="1.0" encoding="UTF-8"?>
<!-- Generated by org.testng.reporters.JUnitReportReporter -->
<testsuite hostname="BGM" failures="0" tests="15" name="com.example.runners.TestRunner" time="801.849" errors="1" timestamp="2025-10-25T11:37:07 GMT-07:00" skipped="0">
  <testcase classname="com.example.runners.TestRunner" name="runScenario" time="64.245"/>
  <system-out/>
  <testcase classname="com.example.runners.TestRunner" name="runScenario" time="66.600">
    <error message="Cannot invoke &quot;com.aventstack.extentreports.ExtentTest.pass(String)&quot; because &quot;test&quot; is null" type="java.lang.NullPointerException">
      <![CDATA[java.lang.NullPointerException: Cannot invoke "com.aventstack.extentreports.ExtentTest.pass(String)" because "test" is null
at com.example.hooks.Hooks.afterScenario(Hooks.java:58)
]]>
    </error>
  </testcase> <!-- runScenario -->
  <system-out/>
  <testcase classname="com.example.runners.TestRunner" name="runScenario" time="33.440"/>
  <system-out/>
  <testcase classname="com.example.runners.TestRunner" name="runScenario" time="63.080"/>
  <system-out/>
  <testcase classname="com.example.runners.TestRunner" name="runScenario" time="63.182"/>
  <system-out/>
  <testcase classname="com.example.runners.TestRunner" name="runScenario" time="63.916"/>
  <system-out/>
  <testcase classname="com.example.runners.TestRunner" name="runScenario" time="64.004"/>
  <system-out/>
  <testcase classname="com.example.runners.TestRunner" name="runScenario" time="64.253"/>
  <system-out/>
  <testcase classname="com.example.runners.TestRunner" name="runScenario" time="30.365"/>
  <system-out/>
  <testcase classname="com.example.runners.TestRunner" name="runScenario" time="31.078"/>
  <system-out/>
  <testcase classname="com.example.runners.TestRunner" name="runScenario" time="60.780"/>
  <system-out/>
  <testcase classname="com.example.runners.TestRunner" name="runScenario" time="64.078"/>
  <system-out/>
  <testcase classname="com.example.runners.TestRunner" name="runScenario" time="64.504"/>
  <system-out/>
  <testcase classname="com.example.runners.TestRunner" name="runScenario" time="31.252"/>
  <system-out/>
  <testcase classname="com.example.runners.TestRunner" name="runScenario" time="37.072"/>
  <system-out/>
</testsuite> <!-- com.example.runners.TestRunner -->
